<?xml version="1.0" encoding="UTF-8"?>
<testsuite xmlns:xsi="http://www.w3.org/2001/XMLSchema-instance" xsi:noNamespaceSchemaLocation="https://maven.apache.org/surefire/maven-surefire-plugin/xsd/surefire-test-report-3.0.xsd" version="3.0" name="ApplicationTest" time="0.069" tests="4" errors="0" skipped="0" failures="0">
  <properties>
[...]
</properties>
  <testcase name="testJuegaCorrectamente" classname="ApplicationTest" time="0.029"/>
  <testcase name="testDevuelveLaVelocidadCorrecta" classname="ApplicationTest" time="0.004"/>
  <testcase name="testSePresentaCorrectamente" classname="ApplicationTest" time="0.005"/>
  <testcase name="testActivaCorrectamenteModo4x4" classname="ApplicationTest" time="0.002"/>
</testsuite>